# JRE version: OpenJDK Runtime Environment Zulu17.52+17-CA (17.0.12+7) (build 17.0.12+7-LTS)
# Java VM: OpenJDK 64-Bit Server VM Zulu17.52+17-CA (17.0.12+7-LTS, mixed mode, sharing, tiered, compressed oops, compressed class ptrs, g1 gc, windows-amd64)
GC Precious Log:
 CPUs: 16 total, 16 available
 Memory: 15182M
 Large Page Support: Disabled
 NUMA Support: Disabled
 Compressed Oops: Enabled (Zero based)
 Heap Region Size: 2M
 Heap Min Capacity: 8M
 Heap Initial Capacity: 238M
 Heap Max Capacity: 4G
 Pre-touch: Disabled
 Parallel Workers: 13
 Concurrent Workers: 3
 Concurrent Refinement Workers: 13
 Periodic GC: Disabled
 String Deduplication is enabled
Heap:
 garbage-first heap   total 55296K, used 27166K [0x0000000700000000, 0x0000000800000000)
  region size 2048K, 7 young (14336K), 1 survivors (2048K)
 Metaspace       used 39025K, committed 39936K, reserved 1114112K
  class space    used 4045K, committed 4416K, reserved 1048576K
GC Heap History (20 events):
Event: 2.924 GC heap before
{Heap before GC invocations=1 (full 0):
 garbage-first heap   total 243712K, used 36534K [0x0000000700000000, 0x0000000800000000)
  region size 2048K, 19 young (38912K), 2 survivors (4096K)
 Metaspace       used 8643K, committed 8832K, reserved 1114112K
  class space    used 832K, committed 896K, reserved 1048576K
}
Event: 2.933 GC heap after
{Heap after GC invocations=2 (full 0):
 garbage-first heap   total 243712K, used 6183K [0x0000000700000000, 0x0000000800000000)
  region size 2048K, 2 young (4096K), 2 survivors (4096K)
 Metaspace       used 8643K, committed 8832K, reserved 1114112K
  class space    used 832K, committed 896K, reserved 1048576K
}
Event: 13.749 GC heap before
{Heap before GC invocations=2 (full 0):
 garbage-first heap   total 243712K, used 129063K [0x0000000700000000, 0x0000000800000000)
  region size 2048K, 63 young (129024K), 2 survivors (4096K)
 Metaspace       used 20711K, committed 21312K, reserved 1114112K
  class space    used 2023K, committed 2304K, reserved 1048576K
}
Event: 13.760 GC heap after
{Heap after GC invocations=3 (full 0):
 garbage-first heap   total 243712K, used 14175K [0x0000000700000000, 0x0000000800000000)
  region size 2048K, 6 young (12288K), 6 survivors (12288K)
 Metaspace       used 20711K, committed 21312K, reserved 1114112K
  class space    used 2023K, committed 2304K, reserved 1048576K
}
Event: 13.781 GC heap before
{Heap before GC invocations=3 (full 0):
 garbage-first heap   total 243712K, used 18271K [0x0000000700000000, 0x0000000800000000)
  region size 2048K, 9 young (18432K), 6 survivors (12288K)
 Metaspace       used 20929K, committed 21504K, reserved 1114112K
  class space    used 2025K, committed 2304K, reserved 1048576K
}
Event: 13.787 GC heap after
{Heap after GC invocations=4 (full 0):
 garbage-first heap   total 243712K, used 14079K [0x0000000700000000, 0x0000000800000000)
  region size 2048K, 4 young (8192K), 4 survivors (8192K)
 Metaspace       used 20929K, committed 21504K, reserved 1114112K
  class space    used 2025K, committed 2304K, reserved 1048576K
}
Event: 14.300 GC heap before
{Heap before GC invocations=5 (full 0):
 garbage-first heap   total 55296K, used 38655K [0x0000000700000000, 0x0000000800000000)
  region size 2048K, 18 young (36864K), 4 survivors (8192K)
 Metaspace       used 25095K, committed 25664K, reserved 1114112K
  class space    used 2330K, committed 2560K, reserved 1048576K
}
Event: 14.305 GC heap after
{Heap after GC invocations=6 (full 0):
 garbage-first heap   total 55296K, used 15597K [0x0000000700000000, 0x0000000800000000)
  region size 2048K, 5 young (10240K), 5 survivors (10240K)
 Metaspace       used 25095K, committed 25664K, reserved 1114112K
  class space    used 2330K, committed 2560K, reserved 1048576K
}
Event: 14.730 GC heap before
{Heap before GC invocations=6 (full 0):
 garbage-first heap   total 55296K, used 36077K [0x0000000700000000, 0x0000000800000000)
  region size 2048K, 16 young (32768K), 5 survivors (10240K)
 Metaspace       used 26408K, committed 27008K, reserved 1114112K
  class space    used 2485K, committed 2752K, reserved 1048576K
}
Event: 14.736 GC heap after
{Heap after GC invocations=7 (full 0):
 garbage-first heap   total 55296K, used 15529K [0x0000000700000000, 0x0000000800000000)
  region size 2048K, 2 young (4096K), 2 survivors (4096K)
 Metaspace       used 26408K, committed 27008K, reserved 1114112K
  class space    used 2485K, committed 2752K, reserved 1048576K
}
Event: 15.356 GC heap before
{Heap before GC invocations=7 (full 0):
 garbage-first heap   total 55296K, used 36009K [0x0000000700000000, 0x0000000800000000)
  region size 2048K, 13 young (26624K), 2 survivors (4096K)
 Metaspace       used 29372K, committed 30080K, reserved 1114112K
  class space    used 2853K, committed 3136K, reserved 1048576K
}
Event: 15.362 GC heap after
{Heap after GC invocations=8 (full 0):
 garbage-first heap   total 55296K, used 16362K [0x0000000700000000, 0x0000000800000000)
  region size 2048K, 1 young (2048K), 1 survivors (2048K)
 Metaspace       used 29372K, committed 30080K, reserved 1114112K
  class space    used 2853K, committed 3136K, reserved 1048576K
}
Event: 16.137 GC heap before
{Heap before GC invocations=8 (full 0):
 garbage-first heap   total 55296K, used 38890K [0x0000000700000000, 0x0000000800000000)
  region size 2048K, 13 young (26624K), 1 survivors (2048K)
 Metaspace       used 32005K, committed 32832K, reserved 1114112K
  class space    used 3167K, committed 3520K, reserved 1048576K
}
Event: 16.141 GC heap after
{Heap after GC invocations=9 (full 0):
 garbage-first heap   total 55296K, used 17136K [0x0000000700000000, 0x0000000800000000)
  region size 2048K, 2 young (4096K), 2 survivors (4096K)
 Metaspace       used 32005K, committed 32832K, reserved 1114112K
  class space    used 3167K, committed 3520K, reserved 1048576K
}
Event: 16.780 GC heap before
{Heap before GC invocations=9 (full 0):
 garbage-first heap   total 55296K, used 37616K [0x0000000700000000, 0x0000000800000000)
  region size 2048K, 13 young (26624K), 2 survivors (4096K)
 Metaspace       used 34521K, committed 35328K, reserved 1114112K
  class space    used 3453K, committed 3776K, reserved 1048576K
}
Event: 16.783 GC heap after
{Heap after GC invocations=10 (full 0):
 garbage-first heap   total 55296K, used 18037K [0x0000000700000000, 0x0000000800000000)
  region size 2048K, 2 young (4096K), 2 survivors (4096K)
 Metaspace       used 34521K, committed 35328K, reserved 1114112K
  class space    used 3453K, committed 3776K, reserved 1048576K
}
Event: 16.854 GC heap before
{Heap before GC invocations=10 (full 0):
 garbage-first heap   total 55296K, used 20085K [0x0000000700000000, 0x0000000800000000)
  region size 2048K, 5 young (10240K), 2 survivors (4096K)
 Metaspace       used 35255K, committed 36096K, reserved 1114112K
  class space    used 3542K, committed 3904K, reserved 1048576K
}
Event: 16.858 GC heap after
{Heap after GC invocations=11 (full 0):
 garbage-first heap   total 55296K, used 18321K [0x0000000700000000, 0x0000000800000000)
  region size 2048K, 2 young (4096K), 2 survivors (4096K)
 Metaspace       used 35255K, committed 36096K, reserved 1114112K
  class space    used 3542K, committed 3904K, reserved 1048576K
}
Event: 17.440 GC heap before
{Heap before GC invocations=12 (full 0):
 garbage-first heap   total 55296K, used 38801K [0x0000000700000000, 0x0000000800000000)
  region size 2048K, 13 young (26624K), 2 survivors (4096K)
 Metaspace       used 37880K, committed 38784K, reserved 1114112K
  class space    used 3883K, committed 4224K, reserved 1048576K
}
Event: 17.444 GC heap after
{Heap after GC invocations=13 (full 0):
 garbage-first heap   total 55296K, used 18974K [0x0000000700000000, 0x0000000800000000)
  region size 2048K, 1 young (2048K), 1 survivors (2048K)
 Metaspace       used 37880K, committed 38784K, reserved 1114112K
  class space    used 3883K, committed 4224K, reserved 1048576K
}

